<?xml version="1.0" encoding="UTF-8"?>
<!-- Generated by org.testng.reporters.JUnitReportReporter -->
<testsuite hostname="DESKTOP-M4I946I" failures="0" tests="10" name="com.Comp.TestCases.Runnerclass" time="181.251" errors="0" timestamp="2021-11-21T19:00:32 IST" skipped="0">
  <testcase classname="com.Comp.TestCases.Runnerclass" name="Clickforlogin" time="15.432"/>
  <system-out/>
  <testcase classname="com.Comp.TestCases.Runnerclass" name="ClickSearchBar" time="19.891"/>
  <system-out/>
  <testcase classname="com.Comp.TestCases.Runnerclass" name="Headerlink" time="26.917"/>
  <system-out/>
  <testcase classname="com.Comp.TestCases.Runnerclass" name="Headerhover" time="19.634"/>
  <system-out/>
  <testcase classname="com.Comp.TestCases.Runnerclass" name="ClickHomeWhats" time="19.388"/>
  <system-out/>
  <testcase classname="com.Comp.TestCases.Runnerclass" name="ClickWishlists" time="13.357"/>
  <system-out/>
  <testcase classname="com.Comp.TestCases.Runnerclass" name="ClickGiftCard" time="13.356"/>
  <system-out/>
  <testcase classname="com.Comp.TestCases.Runnerclass" name="ClickCart" time="13.730"/>
  <system-out/>
  <testcase classname="com.Comp.TestCases.Runnerclass" name="ClickHomeDecor" time="19.028"/>
  <system-out/>
  <testcase classname="com.Comp.TestCases.Runnerclass" name="ClickDCHome" time="20.518"/>
  <system-out/>
</testsuite> <!-- com.Comp.TestCases.Runnerclass -->
