<?xml version="1.0" encoding="UTF-8"?>
<!-- Generated by org.testng.reporters.JUnitReportReporter -->
<testsuite hostname="DESKTOP-M4I946I" failures="0" tests="10" name="com.Comprehensive1.testCases.Runnerclass" time="174.272" errors="0" timestamp="2021-11-21T18:06:22 IST" skipped="0">
  <testcase classname="com.Comprehensive1.testCases.Runnerclass" name="Clickforlogin" time="13.797"/>
  <system-out/>
  <testcase classname="com.Comprehensive1.testCases.Runnerclass" name="ClickSearchBar" time="21.032"/>
  <system-out/>
  <testcase classname="com.Comprehensive1.testCases.Runnerclass" name="Headerlink" time="23.051"/>
  <system-out/>
  <testcase classname="com.Comprehensive1.testCases.Runnerclass" name="Headerhover" time="25.030"/>
  <system-out/>
  <testcase classname="com.Comprehensive1.testCases.Runnerclass" name="ClickHomeWhats" time="15.412"/>
  <system-out/>
  <testcase classname="com.Comprehensive1.testCases.Runnerclass" name="ClickWishlists" time="13.485"/>
  <system-out/>
  <testcase classname="com.Comprehensive1.testCases.Runnerclass" name="ClickGiftCard" time="14.051"/>
  <system-out/>
  <testcase classname="com.Comprehensive1.testCases.Runnerclass" name="ClickCart" time="15.103"/>
  <system-out/>
  <testcase classname="com.Comprehensive1.testCases.Runnerclass" name="ClickHomeDecor" time="17.221"/>
  <system-out/>
  <testcase classname="com.Comprehensive1.testCases.Runnerclass" name="ClickDCHome" time="16.090"/>
  <system-out/>
</testsuite> <!-- com.Comprehensive1.testCases.Runnerclass -->
